<?xml version="1.0" encoding="UTF-8"?>
<!-- Generated by org.testng.reporters.JUnitReportReporter -->
<testsuite hostname="DESKTOP-F09LMPV" failures="0" tests="1" name="runner.Runner" time="30.174" errors="0" timestamp="2021-09-15T08:29:28 IST" skipped="0">
  <testcase classname="runner.Runner" name="runScenario" time="30.174"/>
  <system-out/>
</testsuite> <!-- runner.Runner -->
