<?xml version="1.0" encoding="UTF-8"?>
<!-- Generated by org.testng.reporters.JUnitReportReporter -->
<testsuite hostname="DESKTOP-F09LMPV" failures="0" tests="2" name="tests.LoginTest" time="51.759" errors="0" timestamp="2021-09-15T08:29:28 IST" skipped="0">
  <testcase classname="tests.LoginTest" name="login" time="15.341"/>
  <system-out/>
  <testcase classname="tests.LoginTest" name="login" time="36.418"/>
  <system-out/>
</testsuite> <!-- tests.LoginTest -->
