<?xml version="1.0" encoding="UTF-8"?>
<!-- Generated by org.testng.reporters.JUnitReportReporter -->
<testsuite hostname="DESKTOP-F09LMPV" failures="0" tests="1" name="ppack.LoginTest" time="8.218" errors="0" timestamp="2021-09-02T21:22:29 IST" skipped="0">
  <testcase classname="ppack.LoginTest" name="login" time="8.218"/>
  <system-out/>
</testsuite> <!-- ppack.LoginTest -->
