<?xml version="1.0" encoding="UTF-8"?>
<!-- Generated by org.testng.reporters.JUnitReportReporter -->
<testsuite hostname="DESKTOP-F09LMPV" failures="0" tests="1" name="tests.TwoTest" time="0.008" errors="0" timestamp="2021-09-14T07:34:42 IST" skipped="0">
  <testcase classname="tests.TwoTest" name="twoTest" time="0.008"/>
  <system-out/>
</testsuite> <!-- tests.TwoTest -->
