<?xml version="1.0" encoding="UTF-8"?>
<!-- Generated by org.testng.reporters.JUnitReportReporter -->
<testsuite hostname="DESKTOP-F09LMPV" failures="0" tests="2" name="tests.LoginTest" time="26.650" errors="0" timestamp="2021-09-14T07:34:42 IST" skipped="0">
  <testcase classname="tests.LoginTest" name="login" time="10.119"/>
  <system-out/>
  <testcase classname="tests.LoginTest" name="login" time="16.531"/>
  <system-out/>
</testsuite> <!-- tests.LoginTest -->
